<?xml version="1.0" encoding="UTF-8"?>
<testsuites name="User Module" time="5.8" tests="3" failures="0" errors="0">
   <testsuite name="User Module" tests="3" failures="0" errors="0" time="5.8" skipped="0" timestamp="2023-09-18 22:34:48" hostname="Naufal - DESKTOP-EISC94T" id="Test Suites/User Module">
      <properties>
         <property name="deviceName" value=""/>
         <property name="devicePlatform" value=""/>
         <property name="logFolder" value="C:\\Users\\Naufal\\git\\qoin-naufal\\Reports\\20230918_223439\\User Module\\20230918_223439"/>
         <property name="logFiles" value="C:\\Users\\Naufal\\git\\qoin-naufal\\Reports\\20230918_223439\\User Module\\20230918_223439\\execution0.log"/>
         <property name="attachments" value=""/>
         <property name="hostName" value="Naufal - DESKTOP-EISC94T"/>
         <property name="hostAddress" value="192.168.56.1"/>
         <property name="os" value="Windows 10 64bit"/>
         <property name="katalonVersion" value="8.5.5.208"/>
      </properties>
      <testcase name="Test Cases/User/Get Single User and Post" time="4.01" classname="Test Cases/User/Get Single User and Post" status="PASSED">
         <system-out><![CDATA[2023-09-18 22:34:48 - [TEST_CASE][PASSED] - Test Cases/User/Get Single User and Post: Test Cases/User/Get Single User and Post

2023-09-18 22:34:49 - [TEST_STEP][PASSED] - response = sendRequest(findTestObject("User/Get Single User")): Send request successfully

2023-09-18 22:34:51 - [MESSAGE][INFO] - HAR: C:\Users\Naufal\git\qoin-naufal\Reports\20230918_223439\User Module\20230918_223439\requests\main\0.har

2023-09-18 22:34:52 - [MESSAGE][PASSED] - Send request successfully

2023-09-18 22:34:52 - [TEST_STEP][PASSED] - verifyResponseStatusCode(response, 200): Verify response status code successfully

2023-09-18 22:34:52 - [MESSAGE][PASSED] - Verify response status code successfully

2023-09-18 22:34:52 - [TEST_STEP][PASSED] - jsonSlurper = new groovy.json.JsonSlurper(): null

2023-09-18 22:34:52 - [TEST_STEP][PASSED] - jsonResponse = jsonSlurper.parseText(response.getResponseText()): null

2023-09-18 22:34:52 - [TEST_STEP][PASSED] - email = email: null

2023-09-18 22:34:52 - [TEST_STEP][PASSED] - first_name = first_name: null

2023-09-18 22:34:52 - [TEST_STEP][PASSED] - email = email: null

2023-09-18 22:34:52 - [TEST_STEP][PASSED] - password = first_name: null

2023-09-18 22:34:52 - [TEST_STEP][PASSED] - body = ["email":email, "password":password]: null

2023-09-18 22:34:52 - [TEST_STEP][PASSED] - postResponse = sendRequest(findTestObject("User/Post Register Success")): Send request successfully

2023-09-18 22:34:52 - [MESSAGE][INFO] - HAR: C:\Users\Naufal\git\qoin-naufal\Reports\20230918_223439\User Module\20230918_223439\requests\main\1.har

2023-09-18 22:34:52 - [MESSAGE][PASSED] - Send request successfully

2023-09-18 22:34:52 - [TEST_STEP][PASSED] - verifyResponseStatusCode(postResponse, 200): Verify response status code successfully

2023-09-18 22:34:52 - [MESSAGE][PASSED] - Verify response status code successfully]]></system-out>
         <system-err><![CDATA[]]></system-err>
      </testcase>
      <testcase name="Test Cases/User/Get User List" time="0.534" classname="Test Cases/User/Get User List" status="PASSED">
         <system-out><![CDATA[2023-09-18 22:34:52 - [TEST_CASE][PASSED] - Test Cases/User/Get User List: Test Cases/User/Get User List

2023-09-18 22:34:53 - [TEST_STEP][PASSED] - response = sendRequest(findTestObject("User/Get User")): Send request successfully

2023-09-18 22:34:53 - [MESSAGE][INFO] - HAR: C:\Users\Naufal\git\qoin-naufal\Reports\20230918_223439\User Module\20230918_223439\requests\main\2.har

2023-09-18 22:34:53 - [MESSAGE][PASSED] - Send request successfully

2023-09-18 22:34:53 - [TEST_STEP][PASSED] - verifyResponseStatusCode(response, 200): Verify response status code successfully

2023-09-18 22:34:53 - [MESSAGE][PASSED] - Verify response status code successfully]]></system-out>
         <system-err><![CDATA[]]></system-err>
      </testcase>
      <testcase name="Test Cases/User/Put Update" time="0.9" classname="Test Cases/User/Put Update" status="PASSED">
         <system-out><![CDATA[2023-09-18 22:34:53 - [TEST_CASE][PASSED] - Test Cases/User/Put Update: Test Cases/User/Put Update

2023-09-18 22:34:53 - [TEST_STEP][PASSED] - response = sendRequest(findTestObject("User/Put Update")): Send request successfully

2023-09-18 22:34:54 - [MESSAGE][INFO] - HAR: C:\Users\Naufal\git\qoin-naufal\Reports\20230918_223439\User Module\20230918_223439\requests\main\3.har

2023-09-18 22:34:54 - [MESSAGE][PASSED] - Send request successfully

2023-09-18 22:34:54 - [TEST_STEP][PASSED] - verifyResponseStatusCode(response, 200): Verify response status code successfully

2023-09-18 22:34:54 - [MESSAGE][PASSED] - Verify response status code successfully]]></system-out>
         <system-err><![CDATA[]]></system-err>
      </testcase>
      <system-out><![CDATA[2023-09-18 22:34:48 - [TEST_SUITE][PASSED] - User Module: Test Cases/User/Put Update]]></system-out>
      <system-err><![CDATA[]]></system-err>
   </testsuite>
</testsuites>
